<?xml version="1.0" encoding="UTF-8"?>
<!-- Generated by org.testng.reporters.JUnitXMLReporter -->
<testsuite ignored="0" hostname="DESKTOP-PAEEKNG" failures="0" tests="2" name="Default test" time="13.495" errors="0" timestamp="2020-10-15T22:42:44 TRT">
  <testcase classname="ResetPassword.ResetPasswordTest" name="SuccesEmailResetPasswordTest" time="0.36"/>
  <testcase classname="ResetPassword.ResetPasswordTest" name="SuccesPhoneResetPasswordTest" time="0.623"/>
</testsuite> <!-- Default test -->
