<?xml version="1.0" encoding="UTF-8"?>
<!-- Generated by org.testng.reporters.JUnitXMLReporter -->
<testsuite ignored="0" hostname="DESKTOP-PAEEKNG" failures="0" tests="2" name="Default test" time="13.608" errors="0" timestamp="2020-10-28T14:04:54 TRT">
  <testcase classname="ResetPassword.ResetPasswordTest" name="SuccesEmailResetPasswordTest" time="0.34"/>
  <testcase classname="ResetPassword.ResetPasswordTest" name="SuccesPhoneResetPasswordTest" time="0.809"/>
</testsuite> <!-- Default test -->
