<?xml version="1.0" encoding="UTF-8"?>
<testng-results ignored="0" total="1" passed="1" failed="0" skipped="0">
  <reporter-output>
  </reporter-output>
  <suite started-at="2020-10-28T00:28:45 TRT" name="Default suite" finished-at="2020-10-28T00:29:08 TRT" duration-ms="23348">
    <groups>
    </groups>
    <test started-at="2020-10-28T00:28:45 TRT" name="Default test" finished-at="2020-10-28T00:29:08 TRT" duration-ms="23348">
      <class name="Register.RegisterGraduatedTest">
        <test-method is-config="true" signature="setUp()[pri:0, instance:Register.RegisterGraduatedTest@1649b0e6]" started-at="2020-10-28T00:28:45 TRT" name="setUp" finished-at="2020-10-28T00:28:53 TRT" duration-ms="7826" status="PASS">
          <reporter-output>
          </reporter-output>
        </test-method> <!-- setUp -->
        <test-method signature="succesGraduatedRegisterTest()[pri:0, instance:Register.RegisterGraduatedTest@1649b0e6]" started-at="2020-10-28T00:28:53 TRT" name="succesGraduatedRegisterTest" finished-at="2020-10-28T00:29:03 TRT" duration-ms="10824" status="PASS">
          <reporter-output>
          </reporter-output>
        </test-method> <!-- succesGraduatedRegisterTest -->
        <test-method is-config="true" signature="tearDown()[pri:0, instance:Register.RegisterGraduatedTest@1649b0e6]" started-at="2020-10-28T00:29:03 TRT" name="tearDown" finished-at="2020-10-28T00:29:08 TRT" duration-ms="4671" status="PASS">
          <reporter-output>
          </reporter-output>
        </test-method> <!-- tearDown -->
      </class> <!-- Register.RegisterGraduatedTest -->
    </test> <!-- Default test -->
  </suite> <!-- Default suite -->
</testng-results>
